<?xml version="1.0" encoding="UTF-8"?>
<testsuites>
  <testsuite name="Workspace Tests" timestamp="2021-03-14T16:20:52" time="4.443" tests="0" failures="0" errors="0" skipped="0">
    <properties>
      <property name="specId" value="0"/>
      <property name="suiteName" value="Workspace Tests"/>
      <property name="capabilities" value="chrome.89_0_4389_82.macosx"/>
      <property name="file" value="./test/specs/workspace.spec.js"/>
    </properties>
  </testsuite>
  <testsuite name="google search page" timestamp="2021-03-14T16:20:52" time="4.441" tests="1" failures="0" errors="0" skipped="0">
    <properties>
      <property name="specId" value="0"/>
      <property name="suiteName" value="google search page"/>
      <property name="capabilities" value="chrome.89_0_4389_82.macosx"/>
      <property name="file" value="./test/specs/workspace.spec.js"/>
    </properties>
    <testcase classname="chrome.89_0_4389_82.macosx.google search page" name="Validate the google search page" time="4.434">
      <system-out><![CDATA[
COMMAND: POST /session/90d1ccdca63a39b759d72fe1653216ae/url - {"url":"https://www.google.com/"}
RESULT: {"url":"https://www.google.com/"}
COMMAND: POST /session/90d1ccdca63a39b759d72fe1653216ae/element - {"using":"css selector","value":"div input[name=\"q\"]"}
RESULT: {"using":"css selector","value":"div input[name=\"q\"]"}
COMMAND: POST /session/90d1ccdca63a39b759d72fe1653216ae/elements - {"using":"css selector","value":"div input[name=\"q\"]"}
RESULT: {"using":"css selector","value":"div input[name=\"q\"]"}
COMMAND: POST /session/90d1ccdca63a39b759d72fe1653216ae/execute/sync - {"script":"return (function scrollbars(enabled) {\n  if (enabled) {\n    document.documentElement.style.overflow = '';\n  } else {\n    document.documentElement.style.overflow = 'hidden';\n  }\n}).apply(null, arguments)","args":[false]}
RESULT: {"script":"return (function scrollbars(enabled) {\n  if (enabled) {\n    document.documentElement.style.overflow = '';\n  } else {\n    document.documentElement.style.overflow = 'hidden';\n  }\n}).apply(null, arguments)","args":[false]}
COMMAND: POST /session/90d1ccdca63a39b759d72fe1653216ae/execute/sync - {"script":"return (function triggerResize() {\n  var evt = window.document.createEvent('UIEvents');\n  evt.initUIEvent('resize', true, false, window, 0);\n  window.dispatchEvent(evt);\n}).apply(null, arguments)","args":[]}
RESULT: {"script":"return (function triggerResize() {\n  var evt = window.document.createEvent('UIEvents');\n  evt.initUIEvent('resize', true, false, window, 0);\n  window.dispatchEvent(evt);\n}).apply(null, arguments)","args":[]}
COMMAND: POST /session/90d1ccdca63a39b759d72fe1653216ae/execute/sync - {"script":"return (function scroll(x, y) {\n  window.scrollTo(x, y);\n}).apply(null, arguments)","args":[0,0]}
RESULT: {"script":"return (function scroll(x, y) {\n  window.scrollTo(x, y);\n}).apply(null, arguments)","args":[0,0]}
COMMAND: POST /session/90d1ccdca63a39b759d72fe1653216ae/execute/sync - {"script":"return (function getScreenDimension() {\n  var body = document.body;\n  var html = document.documentElement;\n\n  return {\n    window: {\n      innerWidth: window.innerWidth,\n      innerHeight: window.innerHeight,\n      pixelRatio: typeof window.devicePixelRatio === 'undefined' ? 1 : window.devicePixelRatio,\n      orientation: typeof window.orientation === 'undefined' ? 0 : Math.abs(window.orientation),\n      screenWidth: window.screen.width,\n      screenHeight: window.screen.height\n    },\n    body: {\n      scrollHeight: body.scrollHeight,\n      offsetHeight: body.offsetHeight\n    },\n    html: {\n      clientWidth: html.clientWidth,\n      scrollWidth: html.scrollWidth,\n      clientHeight: html.clientHeight,\n      scrollHeight: html.scrollHeight,\n      offsetHeight: html.offsetHeight\n    }\n  };\n}).apply(null, arguments)","args":[]}
RESULT: {"script":"return (function getScreenDimension() {\n  var body = document.body;\n  var html = document.documentElement;\n\n  return {\n    window: {\n      innerWidth: window.innerWidth,\n      innerHeight: window.innerHeight,\n      pixelRatio: typeof window.devicePixelRatio === 'undefined' ? 1 : window.devicePixelRatio,\n      orientation: typeof window.orientation === 'undefined' ? 0 : Math.abs(window.orientation),\n      screenWidth: window.screen.width,\n      screenHeight: window.screen.height\n    },\n    body: {\n      scrollHeight: body.scrollHeight,\n      offsetHeight: body.offsetHeight\n    },\n    html: {\n      clientWidth: html.clientWidth,\n      scrollWidth: html.scrollWidth,\n      clientHeight: html.clientHeight,\n      scrollHeight: html.scrollHeight,\n      offsetHeight: html.offsetHeight\n    }\n  };\n}).apply(null, arguments)","args":[]}
COMMAND: POST /session/90d1ccdca63a39b759d72fe1653216ae/execute/sync - {"script":"return (function getScreenDimension() {\n  var body = document.body;\n  var html = document.documentElement;\n\n  return {\n    window: {\n      innerWidth: window.innerWidth,\n      innerHeight: window.innerHeight,\n      pixelRatio: typeof window.devicePixelRatio === 'undefined' ? 1 : window.devicePixelRatio,\n      orientation: typeof window.orientation === 'undefined' ? 0 : Math.abs(window.orientation),\n      screenWidth: window.screen.width,\n      screenHeight: window.screen.height\n    },\n    body: {\n      scrollHeight: body.scrollHeight,\n      offsetHeight: body.offsetHeight\n    },\n    html: {\n      clientWidth: html.clientWidth,\n      scrollWidth: html.scrollWidth,\n      clientHeight: html.clientHeight,\n      scrollHeight: html.scrollHeight,\n      offsetHeight: html.offsetHeight\n    }\n  };\n}).apply(null, arguments)","args":[]}
RESULT: {"script":"return (function getScreenDimension() {\n  var body = document.body;\n  var html = document.documentElement;\n\n  return {\n    window: {\n      innerWidth: window.innerWidth,\n      innerHeight: window.innerHeight,\n      pixelRatio: typeof window.devicePixelRatio === 'undefined' ? 1 : window.devicePixelRatio,\n      orientation: typeof window.orientation === 'undefined' ? 0 : Math.abs(window.orientation),\n      screenWidth: window.screen.width,\n      screenHeight: window.screen.height\n    },\n    body: {\n      scrollHeight: body.scrollHeight,\n      offsetHeight: body.offsetHeight\n    },\n    html: {\n      clientWidth: html.clientWidth,\n      scrollWidth: html.scrollWidth,\n      clientHeight: html.clientHeight,\n      scrollHeight: html.scrollHeight,\n      offsetHeight: html.offsetHeight\n    }\n  };\n}).apply(null, arguments)","args":[]}
COMMAND: POST /session/90d1ccdca63a39b759d72fe1653216ae/execute/sync - {"script":"return (function pageHeight(height) {\n  document.body.style.height = height;\n}).apply(null, arguments)","args":["597px"]}
RESULT: {"script":"return (function pageHeight(height) {\n  document.body.style.height = height;\n}).apply(null, arguments)","args":["597px"]}
COMMAND: POST /session/90d1ccdca63a39b759d72fe1653216ae/execute/sync - {"script":"return (function virtualScroll(x, y, remove) {\n  var w = x === 0 ? 0 : -1 * x;\n  var h = y === 0 ? 0 : -1 * y;\n\n  var translate = remove ? 'none' : 'translate(' + w + 'px,' + h + 'px)';\n  var html = document.documentElement;\n\n  html.style.webkitTransform = translate;\n  html.style.mozTransform = translate;\n  html.style.msTransform = translate;\n  html.style.oTransform = translate;\n  html.style.transform = translate;\n}).apply(null, arguments)","args":[0,0,false]}
RESULT: {"script":"return (function virtualScroll(x, y, remove) {\n  var w = x === 0 ? 0 : -1 * x;\n  var h = y === 0 ? 0 : -1 * y;\n\n  var translate = remove ? 'none' : 'translate(' + w + 'px,' + h + 'px)';\n  var html = document.documentElement;\n\n  html.style.webkitTransform = translate;\n  html.style.mozTransform = translate;\n  html.style.msTransform = translate;\n  html.style.oTransform = translate;\n  html.style.transform = translate;\n}).apply(null, arguments)","args":[0,0,false]}
COMMAND: GET /session/90d1ccdca63a39b759d72fe1653216ae/screenshot - {}
RESULT: {}
COMMAND: POST /session/90d1ccdca63a39b759d72fe1653216ae/execute/sync - {"script":"return (function pageHeight(height) {\n  document.body.style.height = height;\n}).apply(null, arguments)","args":[""]}
RESULT: {"script":"return (function pageHeight(height) {\n  document.body.style.height = height;\n}).apply(null, arguments)","args":[""]}
COMMAND: POST /session/90d1ccdca63a39b759d72fe1653216ae/execute/sync - {"script":"return (function virtualScroll(x, y, remove) {\n  var w = x === 0 ? 0 : -1 * x;\n  var h = y === 0 ? 0 : -1 * y;\n\n  var translate = remove ? 'none' : 'translate(' + w + 'px,' + h + 'px)';\n  var html = document.documentElement;\n\n  html.style.webkitTransform = translate;\n  html.style.mozTransform = translate;\n  html.style.msTransform = translate;\n  html.style.oTransform = translate;\n  html.style.transform = translate;\n}).apply(null, arguments)","args":[0,0,true]}
RESULT: {"script":"return (function virtualScroll(x, y, remove) {\n  var w = x === 0 ? 0 : -1 * x;\n  var h = y === 0 ? 0 : -1 * y;\n\n  var translate = remove ? 'none' : 'translate(' + w + 'px,' + h + 'px)';\n  var html = document.documentElement;\n\n  html.style.webkitTransform = translate;\n  html.style.mozTransform = translate;\n  html.style.msTransform = translate;\n  html.style.oTransform = translate;\n  html.style.transform = translate;\n}).apply(null, arguments)","args":[0,0,true]}
COMMAND: POST /session/90d1ccdca63a39b759d72fe1653216ae/execute/sync - {"script":"return (function scrollbars(enabled) {\n  if (enabled) {\n    document.documentElement.style.overflow = '';\n  } else {\n    document.documentElement.style.overflow = 'hidden';\n  }\n}).apply(null, arguments)","args":[true]}
RESULT: {"script":"return (function scrollbars(enabled) {\n  if (enabled) {\n    document.documentElement.style.overflow = '';\n  } else {\n    document.documentElement.style.overflow = 'hidden';\n  }\n}).apply(null, arguments)","args":[true]}
RESULT: undefined
COMMAND: POST /session/90d1ccdca63a39b759d72fe1653216ae/execute/sync - {"script":"return (function scrollbars(enabled) {\n  if (enabled) {\n    document.documentElement.style.overflow = '';\n  } else {\n    document.documentElement.style.overflow = 'hidden';\n  }\n}).apply(null, arguments)","args":[false]}
RESULT: {"script":"return (function scrollbars(enabled) {\n  if (enabled) {\n    document.documentElement.style.overflow = '';\n  } else {\n    document.documentElement.style.overflow = 'hidden';\n  }\n}).apply(null, arguments)","args":[false]}
COMMAND: POST /session/90d1ccdca63a39b759d72fe1653216ae/execute/sync - {"script":"return (function triggerResize() {\n  var evt = window.document.createEvent('UIEvents');\n  evt.initUIEvent('resize', true, false, window, 0);\n  window.dispatchEvent(evt);\n}).apply(null, arguments)","args":[]}
RESULT: {"script":"return (function triggerResize() {\n  var evt = window.document.createEvent('UIEvents');\n  evt.initUIEvent('resize', true, false, window, 0);\n  window.dispatchEvent(evt);\n}).apply(null, arguments)","args":[]}
COMMAND: POST /session/90d1ccdca63a39b759d72fe1653216ae/execute/sync - {"script":"return (function scroll(x, y) {\n  window.scrollTo(x, y);\n}).apply(null, arguments)","args":[0,0]}
RESULT: {"script":"return (function scroll(x, y) {\n  window.scrollTo(x, y);\n}).apply(null, arguments)","args":[0,0]}
COMMAND: POST /session/90d1ccdca63a39b759d72fe1653216ae/execute/sync - {"script":"return (function getScreenDimension() {\n  var body = document.body;\n  var html = document.documentElement;\n\n  return {\n    window: {\n      innerWidth: window.innerWidth,\n      innerHeight: window.innerHeight,\n      pixelRatio: typeof window.devicePixelRatio === 'undefined' ? 1 : window.devicePixelRatio,\n      orientation: typeof window.orientation === 'undefined' ? 0 : Math.abs(window.orientation),\n      screenWidth: window.screen.width,\n      screenHeight: window.screen.height\n    },\n    body: {\n      scrollHeight: body.scrollHeight,\n      offsetHeight: body.offsetHeight\n    },\n    html: {\n      clientWidth: html.clientWidth,\n      scrollWidth: html.scrollWidth,\n      clientHeight: html.clientHeight,\n      scrollHeight: html.scrollHeight,\n      offsetHeight: html.offsetHeight\n    }\n  };\n}).apply(null, arguments)","args":[]}
RESULT: {"script":"return (function getScreenDimension() {\n  var body = document.body;\n  var html = document.documentElement;\n\n  return {\n    window: {\n      innerWidth: window.innerWidth,\n      innerHeight: window.innerHeight,\n      pixelRatio: typeof window.devicePixelRatio === 'undefined' ? 1 : window.devicePixelRatio,\n      orientation: typeof window.orientation === 'undefined' ? 0 : Math.abs(window.orientation),\n      screenWidth: window.screen.width,\n      screenHeight: window.screen.height\n    },\n    body: {\n      scrollHeight: body.scrollHeight,\n      offsetHeight: body.offsetHeight\n    },\n    html: {\n      clientWidth: html.clientWidth,\n      scrollWidth: html.scrollWidth,\n      clientHeight: html.clientHeight,\n      scrollHeight: html.scrollHeight,\n      offsetHeight: html.offsetHeight\n    }\n  };\n}).apply(null, arguments)","args":[]}
COMMAND: POST /session/90d1ccdca63a39b759d72fe1653216ae/execute/sync - {"script":"return (function getScreenDimension() {\n  var body = document.body;\n  var html = document.documentElement;\n\n  return {\n    window: {\n      innerWidth: window.innerWidth,\n      innerHeight: window.innerHeight,\n      pixelRatio: typeof window.devicePixelRatio === 'undefined' ? 1 : window.devicePixelRatio,\n      orientation: typeof window.orientation === 'undefined' ? 0 : Math.abs(window.orientation),\n      screenWidth: window.screen.width,\n      screenHeight: window.screen.height\n    },\n    body: {\n      scrollHeight: body.scrollHeight,\n      offsetHeight: body.offsetHeight\n    },\n    html: {\n      clientWidth: html.clientWidth,\n      scrollWidth: html.scrollWidth,\n      clientHeight: html.clientHeight,\n      scrollHeight: html.scrollHeight,\n      offsetHeight: html.offsetHeight\n    }\n  };\n}).apply(null, arguments)","args":[]}
RESULT: {"script":"return (function getScreenDimension() {\n  var body = document.body;\n  var html = document.documentElement;\n\n  return {\n    window: {\n      innerWidth: window.innerWidth,\n      innerHeight: window.innerHeight,\n      pixelRatio: typeof window.devicePixelRatio === 'undefined' ? 1 : window.devicePixelRatio,\n      orientation: typeof window.orientation === 'undefined' ? 0 : Math.abs(window.orientation),\n      screenWidth: window.screen.width,\n      screenHeight: window.screen.height\n    },\n    body: {\n      scrollHeight: body.scrollHeight,\n      offsetHeight: body.offsetHeight\n    },\n    html: {\n      clientWidth: html.clientWidth,\n      scrollWidth: html.scrollWidth,\n      clientHeight: html.clientHeight,\n      scrollHeight: html.scrollHeight,\n      offsetHeight: html.offsetHeight\n    }\n  };\n}).apply(null, arguments)","args":[]}
COMMAND: POST /session/90d1ccdca63a39b759d72fe1653216ae/execute/sync - {"script":"return (function pageHeight(height) {\n  document.body.style.height = height;\n}).apply(null, arguments)","args":["597px"]}
RESULT: {"script":"return (function pageHeight(height) {\n  document.body.style.height = height;\n}).apply(null, arguments)","args":["597px"]}
COMMAND: POST /session/90d1ccdca63a39b759d72fe1653216ae/execute/sync - {"script":"return (function virtualScroll(x, y, remove) {\n  var w = x === 0 ? 0 : -1 * x;\n  var h = y === 0 ? 0 : -1 * y;\n\n  var translate = remove ? 'none' : 'translate(' + w + 'px,' + h + 'px)';\n  var html = document.documentElement;\n\n  html.style.webkitTransform = translate;\n  html.style.mozTransform = translate;\n  html.style.msTransform = translate;\n  html.style.oTransform = translate;\n  html.style.transform = translate;\n}).apply(null, arguments)","args":[0,0,false]}
RESULT: {"script":"return (function virtualScroll(x, y, remove) {\n  var w = x === 0 ? 0 : -1 * x;\n  var h = y === 0 ? 0 : -1 * y;\n\n  var translate = remove ? 'none' : 'translate(' + w + 'px,' + h + 'px)';\n  var html = document.documentElement;\n\n  html.style.webkitTransform = translate;\n  html.style.mozTransform = translate;\n  html.style.msTransform = translate;\n  html.style.oTransform = translate;\n  html.style.transform = translate;\n}).apply(null, arguments)","args":[0,0,false]}
COMMAND: GET /session/90d1ccdca63a39b759d72fe1653216ae/screenshot - {}
RESULT: {}
COMMAND: POST /session/90d1ccdca63a39b759d72fe1653216ae/execute/sync - {"script":"return (function pageHeight(height) {\n  document.body.style.height = height;\n}).apply(null, arguments)","args":[""]}
RESULT: {"script":"return (function pageHeight(height) {\n  document.body.style.height = height;\n}).apply(null, arguments)","args":[""]}
COMMAND: POST /session/90d1ccdca63a39b759d72fe1653216ae/execute/sync - {"script":"return (function virtualScroll(x, y, remove) {\n  var w = x === 0 ? 0 : -1 * x;\n  var h = y === 0 ? 0 : -1 * y;\n\n  var translate = remove ? 'none' : 'translate(' + w + 'px,' + h + 'px)';\n  var html = document.documentElement;\n\n  html.style.webkitTransform = translate;\n  html.style.mozTransform = translate;\n  html.style.msTransform = translate;\n  html.style.oTransform = translate;\n  html.style.transform = translate;\n}).apply(null, arguments)","args":[0,0,true]}
RESULT: {"script":"return (function virtualScroll(x, y, remove) {\n  var w = x === 0 ? 0 : -1 * x;\n  var h = y === 0 ? 0 : -1 * y;\n\n  var translate = remove ? 'none' : 'translate(' + w + 'px,' + h + 'px)';\n  var html = document.documentElement;\n\n  html.style.webkitTransform = translate;\n  html.style.mozTransform = translate;\n  html.style.msTransform = translate;\n  html.style.oTransform = translate;\n  html.style.transform = translate;\n}).apply(null, arguments)","args":[0,0,true]}
COMMAND: POST /session/90d1ccdca63a39b759d72fe1653216ae/execute/sync - {"script":"return (function scrollbars(enabled) {\n  if (enabled) {\n    document.documentElement.style.overflow = '';\n  } else {\n    document.documentElement.style.overflow = 'hidden';\n  }\n}).apply(null, arguments)","args":[true]}
RESULT: {"script":"return (function scrollbars(enabled) {\n  if (enabled) {\n    document.documentElement.style.overflow = '';\n  } else {\n    document.documentElement.style.overflow = 'hidden';\n  }\n}).apply(null, arguments)","args":[true]}
RESULT: undefined
COMMAND: DELETE /session/90d1ccdca63a39b759d72fe1653216ae - {}
RESULT: {}
]]></system-out>
    </testcase>
  </testsuite>
</testsuites>